[debug] [2024-04-18T06:56:35.832Z] ----------------------------------------------------------------------
[debug] [2024-04-18T06:56:35.834Z] Command:       C:\Program Files\nodejs\node.exe C:\Users\pushk\AppData\Roaming\npm\node_modules\firebase-tools\lib\bin\firebase.js init
[debug] [2024-04-18T06:56:35.835Z] CLI Version:   13.7.3
[debug] [2024-04-18T06:56:35.835Z] Platform:      win32
[debug] [2024-04-18T06:56:35.835Z] Node Version:  v20.11.1
[debug] [2024-04-18T06:56:35.835Z] Time:          Thu Apr 18 2024 12:26:35 GMT+0530 (India Standard Time)
[debug] [2024-04-18T06:56:35.835Z] ----------------------------------------------------------------------
[debug] 
[debug] [2024-04-18T06:56:35.841Z] > command requires scopes: ["email","openid","https://www.googleapis.com/auth/cloudplatformprojects.readonly","https://www.googleapis.com/auth/firebase","https://www.googleapis.com/auth/cloud-platform"]
[debug] [2024-04-18T06:56:35.842Z] > authorizing via signed-in user (pushkarr09@gmail.com)
[info] 
     ######## #### ########  ######## ########     ###     ######  ########
     ##        ##  ##     ## ##       ##     ##  ##   ##  ##       ##
     ######    ##  ########  ######   ########  #########  ######  ######
     ##        ##  ##    ##  ##       ##     ## ##     ##       ## ##
     ##       #### ##     ## ######## ########  ##     ##  ######  ########

You're about to initialize a Firebase project in this directory:

  D:\angular\portfolio

[info] 
=== Project Setup
[info] 
[info] First, let's associate this project directory with a Firebase project.
[info] You can create multiple project aliases by running firebase use --add, 
[info] but for now we'll just set up a default project.
[info] 
[debug] [2024-04-18T06:56:41.583Z] >>> [apiv2][query] GET https://firebase.googleapis.com/v1beta1/projects pageSize=100
[debug] [2024-04-18T06:56:41.654Z] *** [apiv2] error from fetch(https://firebase.googleapis.com/v1beta1/projects?pageSize=100, {"headers":{},"method":"GET","signal":{}}): FetchError: request to https://firebase.googleapis.com/v1beta1/projects?pageSize=100 failed, reason: getaddrinfo ENOTFOUND firebase.googleapis.com
[debug] [2024-04-18T06:56:41.655Z] Failed to make request to https://firebase.googleapis.com/v1beta1/projects?pageSize=100
[debug] [2024-04-18T06:56:41.660Z] FirebaseError: Failed to make request to https://firebase.googleapis.com/v1beta1/projects?pageSize=100
    at RetryOperation._fn (C:\Users\pushk\AppData\Roaming\npm\node_modules\firebase-tools\lib\apiv2.js:253:31)
    at process.processTicksAndRejections (node:internal/process/task_queues:95:5)
[error] 
[error] Error: Failed to list Firebase projects. See firebase-debug.log for more info.
